2/4/2016 9:25:29 AM	This log contains information about the import schema operation into project 'FrameworkDB' on computer 'GRANTF-LAPTOP' by user 'gfish'.
2/4/2016 9:25:29 AM	Import of database schema has started.
2/4/2016 9:25:37 AM	Gathering database options
2/4/2016 9:25:37 AM	Gathering users
2/4/2016 9:25:37 AM	Gathering roles
2/4/2016 9:25:37 AM	Gathering application roles
2/4/2016 9:25:37 AM	Gathering role memberships
2/4/2016 9:25:37 AM	Gathering filegroups
2/4/2016 9:25:37 AM	Gathering full-text catalogs
2/4/2016 9:25:37 AM	Gathering assemblies
2/4/2016 9:25:37 AM	Gathering certificates
2/4/2016 9:25:37 AM	Gathering asymmetric keys
2/4/2016 9:25:37 AM	Gathering symmetric keys
2/4/2016 9:25:37 AM	Gathering encrypted symmetric keys
2/4/2016 9:25:37 AM	Gathering schemas
2/4/2016 9:25:37 AM	Gathering XML schema collections
2/4/2016 9:25:37 AM	Gathering user-defined data types
2/4/2016 9:25:37 AM	Gathering user-defined types
2/4/2016 9:25:37 AM	Gathering table types
2/4/2016 9:25:37 AM	Gathering unique keys for table types
2/4/2016 9:25:37 AM	Gathering primary keys for table types
2/4/2016 9:25:37 AM	Gathering indexes for table types
2/4/2016 9:25:37 AM	Gathering check constraints for table types
2/4/2016 9:25:37 AM	Gathering default constraints for table types
2/4/2016 9:25:37 AM	Gathering partition functions
2/4/2016 9:25:37 AM	Gathering partition schemes
2/4/2016 9:25:37 AM	Gathering functions
2/4/2016 9:25:38 AM	Gathering encrypted functions
2/4/2016 9:25:38 AM	Gathering aggregates
2/4/2016 9:25:38 AM	Gathering procedures
2/4/2016 9:25:40 AM	Gathering encrypted procedures
2/4/2016 9:25:41 AM	Gathering tables
2/4/2016 9:25:43 AM	Gathering primary keys
2/4/2016 9:25:43 AM	Gathering unique constraints
2/4/2016 9:25:43 AM	Gathering foreign keys
2/4/2016 9:25:43 AM	Gathering default constraints
2/4/2016 9:25:43 AM	Gathering check constraints
2/4/2016 9:25:43 AM	Gathering views
2/4/2016 9:25:43 AM	Gathering encrypted views
2/4/2016 9:25:43 AM	Gathering indexes
2/4/2016 9:25:44 AM	Gathering statistics
2/4/2016 9:25:44 AM	Gathering full-text index stoplists
2/4/2016 9:25:44 AM	Gathering search property lists
2/4/2016 9:25:44 AM	Gathering search properties
2/4/2016 9:25:44 AM	Gathering full-text indexes
2/4/2016 9:25:44 AM	Gathering column store indexes
2/4/2016 9:25:44 AM	Gathering spatial indexes
2/4/2016 9:25:44 AM	Gathering XML indexes
2/4/2016 9:25:44 AM	Gathering Selective XML indexes
2/4/2016 9:25:44 AM	Gathering encrypted triggers
2/4/2016 9:25:44 AM	Gathering triggers
2/4/2016 9:25:45 AM	Gathering encrypted and clr ddl triggers
2/4/2016 9:25:45 AM	Gathering ddl triggers
2/4/2016 9:25:45 AM	Gathering synonyms
2/4/2016 9:25:45 AM	Gathering defaults
2/4/2016 9:25:45 AM	Gathering data constraint uddt bindings
2/4/2016 9:25:45 AM	Gathering rules
2/4/2016 9:25:45 AM	Gathering data constraint uddt bindings
2/4/2016 9:25:45 AM	Gathering message types
2/4/2016 9:25:45 AM	Gathering queues
2/4/2016 9:25:45 AM	Gathering contracts
2/4/2016 9:25:45 AM	Gathering services
2/4/2016 9:25:45 AM	Gathering event notifications
2/4/2016 9:25:45 AM	Gathering remote service bindings
2/4/2016 9:25:45 AM	Gathering broker priorities
2/4/2016 9:25:45 AM	Gathering signatures
2/4/2016 9:25:45 AM	Gathering data compression options
2/4/2016 9:25:45 AM	Gathering sequence types
2/4/2016 9:25:45 AM	Gathering extended properties
2/4/2016 9:25:47 AM	Gathering credentials
2/4/2016 9:25:47 AM	Gathering logins
2/4/2016 9:25:47 AM	Gathering server audits
2/4/2016 9:25:52 AM	Scanning project for duplicate elements
2/4/2016 9:25:52 AM	Finished duplicate element processing
2/4/2016 9:27:34 AM	Finished importing database.
2/4/2016 9:27:34 AM	A summary of the import was saved to the following location: c:\users\gfish.teamnorthwoods\documents\visual studio 2015\Projects\FrameworkDB\Import Schema Logs\FrameworkDB_20160204022529.log
2/4/2016 9:27:34 AM	Click Finish to continue...
